  D:\Code\Work\me\video_player\third_party_library\ffmpeg-4.2.2-win32\bin\avcodec-58.dll
  D:\Code\Work\me\video_player\third_party_library\ffmpeg-4.2.2-win32\bin\avdevice-58.dll
  D:\Code\Work\me\video_player\third_party_library\ffmpeg-4.2.2-win32\bin\avfilter-7.dll
  D:\Code\Work\me\video_player\third_party_library\ffmpeg-4.2.2-win32\bin\avformat-58.dll
  D:\Code\Work\me\video_player\third_party_library\ffmpeg-4.2.2-win32\bin\avutil-56.dll
  D:\Code\Work\me\video_player\third_party_library\ffmpeg-4.2.2-win32\bin\postproc-55.dll
  D:\Code\Work\me\video_player\third_party_library\ffmpeg-4.2.2-win32\bin\swresample-3.dll
  D:\Code\Work\me\video_player\third_party_library\ffmpeg-4.2.2-win32\bin\swscale-5.dll
  复制了 8 个文件
  D:\Code\Work\me\video_player\third_party_library\SDL2-2.0.10\lib\x86\SDL2.dll
  复制了 1 个文件
  main.cpp
D:\Code\Work\me\video_player\third_party_library\ffmpeg-4.2.2-win32\include\libavutil\rational.h(1,1): warning C4819: 该文件包含不能在当前代码页(936)中表示的字符。请将该文件保存为 Unicode 格式以防止数据丢失
  xPlayer.cpp
D:\Code\Work\me\video_player\third_party_library\ffmpeg-4.2.2-win32\include\libavutil\rational.h(1,1): warning C4819: 该文件包含不能在当前代码页(936)中表示的字符。请将该文件保存为 Unicode 格式以防止数据丢失
  x_ffmepg_helper.cpp
D:\Code\Work\me\video_player\third_party_library\ffmpeg-4.2.2-win32\include\libavutil\rational.h(1,1): warning C4819: 该文件包含不能在当前代码页(936)中表示的字符。请将该文件保存为 Unicode 格式以防止数据丢失
D:\Code\Work\me\video_player\video_player\x_ffmepg_helper.cpp(367,24): warning C4244: “初始化”: 从“int64_t”转换到“int”，可能丢失数据
  正在生成代码
  0 of 389 functions ( 0.0%) were compiled, the rest were copied from previous compilation.
    0 functions were new in current compilation
    0 functions had inline decision re-evaluated but remain unchanged
  已完成代码的生成
  video_player.vcxproj -> D:\Code\Work\me\video_player\Release\video_player.exe
