  D:\Code\Work\me\video_player\third_party_library\ffmpeg-4.2.2-win32\bin\avcodec-58.dll
  D:\Code\Work\me\video_player\third_party_library\ffmpeg-4.2.2-win32\bin\avdevice-58.dll
  D:\Code\Work\me\video_player\third_party_library\ffmpeg-4.2.2-win32\bin\avfilter-7.dll
  D:\Code\Work\me\video_player\third_party_library\ffmpeg-4.2.2-win32\bin\avformat-58.dll
  D:\Code\Work\me\video_player\third_party_library\ffmpeg-4.2.2-win32\bin\avutil-56.dll
  D:\Code\Work\me\video_player\third_party_library\ffmpeg-4.2.2-win32\bin\postproc-55.dll
  D:\Code\Work\me\video_player\third_party_library\ffmpeg-4.2.2-win32\bin\swresample-3.dll
  D:\Code\Work\me\video_player\third_party_library\ffmpeg-4.2.2-win32\bin\swscale-5.dll
  复制了 8 个文件
  D:\Code\Work\me\video_player\third_party_library\SDL2-2.0.10\lib\x86\SDL2.dll
  复制了 1 个文件
  main.cpp
D:\Code\Work\me\video_player\third_party_library\ffmpeg-4.2.2-win32\include\libavutil\rational.h(1,1): warning C4819: 该文件包含不能在当前代码页(936)中表示的字符。请将该文件保存为 Unicode 格式以防止数据丢失
  xPlayer.cpp
D:\Code\Work\me\video_player\third_party_library\ffmpeg-4.2.2-win32\include\libavutil\rational.h(1,1): warning C4819: 该文件包含不能在当前代码页(936)中表示的字符。请将该文件保存为 Unicode 格式以防止数据丢失
D:\Code\Work\me\video_player\video_player\xPlayer.cpp(385,24): warning C4477: “printf”: 格式字符串“%ld”需要类型“long”的参数，但可变参数 1 拥有了类型“int64_t”
D:\Code\Work\me\video_player\video_player\xPlayer.cpp(385,24): message : 请考虑在格式字符串中使用“%lld”
D:\Code\Work\me\video_player\video_player\xPlayer.cpp(385,24): message : 请考虑在格式字符串中使用“%I64d”
  正在生成代码...
  video_player.vcxproj -> D:\Code\Work\me\video_player\Debug\video_player.exe
